<?xml version="1.0" encoding="UTF-8"?>
<testsuites name="Google Test Suite" time="0" tests="0" failures="0" errors="0">
   <testsuite name="Google Test Suite" tests="0" failures="0" errors="0" time="0" timestamp="2018-12-21 17:37:59" hostname="CRKRL-SHAMSJAW1$ - CRKRL-SHAMSJAW1.corp.contoursoftware.net" id="Test Suites/Google Test Suite">
      <properties>
         <property name="deviceName" value=""/>
         <property name="devicePlatform" value=""/>
         <property name="logFolder" value="C:\\Users\\jshamshad\\Katalon Studio\\Casitron\\Reports\\Google Test Suite\\20181221_173753"/>
         <property name="logFiles" value="C:\\Users\\jshamshad\\Katalon Studio\\Casitron\\Reports\\Google Test Suite\\20181221_173753\\execution0.log"/>
         <property name="attachments" value=""/>
         <property name="hostName" value="CRKRL-SHAMSJAW1$ - CRKRL-SHAMSJAW1.corp.contoursoftware.net"/>
         <property name="hostAddress" value="192.168.56.1"/>
         <property name="os" value="Windows 10 64bit"/>
         <property name="katalonVersion" value="5.10.0.1"/>
      </properties>
      <system-out><![CDATA[2018-12-21 17:37:59 - [TEST_SUITE][PASSED] - Google Test Suite: null]]></system-out>
      <system-err><![CDATA[]]></system-err>
   </testsuite>
</testsuites>
